<?xml version="1.0" encoding="UTF-8"?>
<!-- Generated by org.testng.reporters.JUnitXMLReporter -->
<testsuite ignored="0" hostname="sns" failures="0" tests="3" name="Default test" time="0.061" errors="0" timestamp="2026-01-27T13:41:22 KRAT">
  <testcase classname="DangNhap.DangKyTest" name="testUserRegistration" time="0.012"/>
  <testcase classname="DangNhap.DangKyTest" name="testUserRegistration" time="0.001"/>
  <testcase classname="DangNhap.DangKyTest" name="testUserRegistration" time="0.001"/>
</testsuite> <!-- Default test -->
