<?xml version="1.0" encoding="UTF-8"?>
<testng-results ignored="0" total="3" passed="3" failed="0" skipped="0">
  <reporter-output>
  </reporter-output>
  <suite started-at="2026-01-27T13:41:22 KRAT" name="Default suite" finished-at="2026-01-27T13:41:22 KRAT" duration-ms="61">
    <groups>
    </groups>
    <test started-at="2026-01-27T13:41:22 KRAT" name="Default test" finished-at="2026-01-27T13:41:22 KRAT" duration-ms="61">
      <class name="DangNhap.DangKyTest">
        <test-method signature="testUserRegistration(java.lang.String,java.lang.String,boolean)[pri:0, instance:DangNhap.DangKyTest@618b19ad]" started-at="2026-01-27T13:41:22 KRAT" name="testUserRegistration" data-provider="registrationData" finished-at="2026-01-27T13:41:22 KRAT" duration-ms="12" status="PASS">
          <params>
            <param index="0">
              <value>
                <![CDATA[existingUser]]>
              </value>
            </param>
            <param index="1">
              <value>
                <![CDATA[WeakPass1]]>
              </value>
            </param>
            <param index="2">
              <value>
                <![CDATA[false]]>
              </value>
            </param>
          </params>
          <reporter-output>
          </reporter-output>
        </test-method> <!-- testUserRegistration -->
        <test-method signature="testUserRegistration(java.lang.String,java.lang.String,boolean)[pri:0, instance:DangNhap.DangKyTest@618b19ad]" started-at="2026-01-27T13:41:22 KRAT" name="testUserRegistration" data-provider="registrationData" finished-at="2026-01-27T13:41:22 KRAT" duration-ms="1" status="PASS">
          <params>
            <param index="0">
              <value>
                <![CDATA[newUser]]>
              </value>
            </param>
            <param index="1">
              <value>
                <![CDATA[weak]]>
              </value>
            </param>
            <param index="2">
              <value>
                <![CDATA[false]]>
              </value>
            </param>
          </params>
          <reporter-output>
          </reporter-output>
        </test-method> <!-- testUserRegistration -->
        <test-method signature="testUserRegistration(java.lang.String,java.lang.String,boolean)[pri:0, instance:DangNhap.DangKyTest@618b19ad]" started-at="2026-01-27T13:41:22 KRAT" name="testUserRegistration" data-provider="registrationData" finished-at="2026-01-27T13:41:22 KRAT" duration-ms="1" status="PASS">
          <params>
            <param index="0">
              <value>
                <![CDATA[newUser]]>
              </value>
            </param>
            <param index="1">
              <value>
                <![CDATA[StrongPass1]]>
              </value>
            </param>
            <param index="2">
              <value>
                <![CDATA[true]]>
              </value>
            </param>
          </params>
          <reporter-output>
          </reporter-output>
        </test-method> <!-- testUserRegistration -->
      </class> <!-- DangNhap.DangKyTest -->
    </test> <!-- Default test -->
  </suite> <!-- Default suite -->
</testng-results>
