<?xml version="1.0" encoding="UTF-8"?>
<!-- Generated by org.testng.reporters.JUnitReportReporter -->
<testsuite hostname="sns" failures="0" tests="3" name="DangNhap.DangKyTest" time="0.014" errors="0" timestamp="2026-01-27T13:41:22 KRAT" skipped="0">
  <testcase classname="DangNhap.DangKyTest" name="testUserRegistration" time="0.001"/>
  <testcase classname="DangNhap.DangKyTest" name="testUserRegistration" time="0.001"/>
  <testcase classname="DangNhap.DangKyTest" name="testUserRegistration" time="0.012"/>
</testsuite> <!-- DangNhap.DangKyTest -->
